* using log directory ‘/Users/JerryShi/Desktop/Biostat778_HW2/Homework2/Homework2.Rcheck’
* using R version 3.0.1 (2013-05-16)
* using platform: x86_64-apple-darwin10.8.0 (64-bit)
* using session charset: UTF-8
* checking for file ‘Homework2/DESCRIPTION’ ... OK
* checking extension type ... Package
* this is package ‘Homework2’ version ‘1.0’
* checking package namespace information ... OK
* checking package dependencies ... OK
* checking if this is a source package ... OK
* checking if there is a namespace ... OK
* checking for executable files ... OK
* checking for hidden files and directories ... NOTE
Found the following hidden files and directories:
  .DS_Store
These were most likely included in error. See section ‘Package
structure’ in the ‘Writing R Extensions’ manual.
* checking for portable file names ... OK
* checking for sufficient/correct file permissions ... OK
* checking whether package ‘Homework2’ can be installed ... WARNING
Found the following significant warnings:
  Warning: /Users/JerryShi/Desktop/Biostat778_HW2/Homework2/Homework2/man/Homework2-package.Rd:32: All text must be in a section
  Warning: /Users/JerryShi/Desktop/Biostat778_HW2/Homework2/Homework2/man/Homework2-package.Rd:33: All text must be in a section
See ‘/Users/JerryShi/Desktop/Biostat778_HW2/Homework2/Homework2.Rcheck/00install.out’ for details.
* checking installed package size ... OK
* checking package directory ... OK
* checking DESCRIPTION meta-information ... OK
* checking top-level files ... OK
* checking for left-over files ... OK
* checking index information ... OK
* checking package subdirectories ... OK
* checking R files for non-ASCII characters ... OK
* checking R files for syntax errors ... OK
* checking whether the package can be loaded ... OK
* checking whether the package can be loaded with stated dependencies ... OK
* checking whether the package can be unloaded cleanly ... OK
* checking whether the namespace can be loaded with stated dependencies ... OK
* checking whether the namespace can be unloaded cleanly ... OK
* checking loading without being on the library search path ... OK
* checking for unstated dependencies in R code ... OK
* checking S3 generic/method consistency ... OK
* checking replacement functions ... OK
* checking foreign function calls ... OK
* checking R code for possible problems ... OK
* checking Rd files ... WARNING
prepare_Rd: Homework2-package.Rd:32: All text must be in a section
prepare_Rd: Homework2-package.Rd:33: All text must be in a section
prepare_Rd: der.Rd:25-27: Dropping empty section \details
prepare_Rd: der.Rd:41-43: Dropping empty section \note
prepare_Rd: der.Rd:35-37: Dropping empty section \references
prepare_Rd: der.Rd:47-49: Dropping empty section \seealso
prepare_Rd: mixture.Rd:31-33: Dropping empty section \details
prepare_Rd: mixture.Rd:47-49: Dropping empty section \note
prepare_Rd: mixture.Rd:41-43: Dropping empty section \references
prepare_Rd: mixture.Rd:53-55: Dropping empty section \seealso
* checking Rd metadata ... OK
* checking Rd cross-references ... WARNING
Unknown package ‘<pkg>’ in Rd xrefs
* checking for missing documentation entries ... OK
* checking for code/documentation mismatches ... OK
* checking Rd \usage sections ... OK
* checking Rd contents ... OK
* checking for unstated dependencies in examples ... OK
* checking examples ... OK
* checking PDF version of manual ... OK
WARNING: There were 3 warnings.
NOTE: There was 1 note.
See
  ‘/Users/JerryShi/Desktop/Biostat778_HW2/Homework2/Homework2.Rcheck/00check.log’
for details.
